Writing PID to tmp/pids/thin.5001.pid
Changing process privilege to root:root
Using rack adapter
hello
Thin web server (v1.6.4 codename Gob Bluth)
Maximum connections set to 1024
Listening on 0.0.0.0:5001, CTRL+C to stop
Writing PID to tmp/pids/thin.5001.pid
Changing process privilege to root:root
Using rack adapter
hello
Thin web server (v1.6.4 codename Gob Bluth)
Maximum connections set to 1024
Listening on 0.0.0.0:5001, CTRL+C to stop
Writing PID to tmp/pids/thin.5001.pid
Changing process privilege to root:root
Using rack adapter
hello
Thin web server (v1.6.4 codename Gob Bluth)
Maximum connections set to 1024
Listening on 0.0.0.0:5001, CTRL+C to stop
Writing PID to tmp/pids/thin.5001.pid
Changing process privilege to root:root
Using rack adapter
hello
Thin web server (v1.6.4 codename Gob Bluth)
Maximum connections set to 1024
Listening on 0.0.0.0:5001, CTRL+C to stop
Writing PID to tmp/pids/thin.5001.pid
Changing process privilege to root:root
Using rack adapter
hello
Thin web server (v1.6.4 codename Gob Bluth)
Maximum connections set to 1024
Listening on 0.0.0.0:5001, CTRL+C to stop
