Writing PID to tmp/pids/thin.5000.pid
Changing process privilege to docker:docker
Exiting!
/usr/local/bundle/gems/thin-1.6.4/lib/thin/daemonizing.rb:70:in `getpwnam': can't find user for docker (ArgumentError)
	from /usr/local/bundle/gems/thin-1.6.4/lib/thin/daemonizing.rb:70:in `change_privilege'
	from /usr/local/bundle/gems/thin-1.6.4/lib/thin/controllers/controller.rb:67:in `start'
	from /usr/local/bundle/gems/thin-1.6.4/lib/thin/runner.rb:200:in `run_command'
	from /usr/local/bundle/gems/thin-1.6.4/lib/thin/runner.rb:156:in `run!'
	from /usr/local/bundle/gems/thin-1.6.4/bin/thin:6:in `<top (required)>'
	from /usr/local/bundle/bin/thin:16:in `load'
	from /usr/local/bundle/bin/thin:16:in `<main>'
Writing PID to tmp/pids/thin.5000.pid
Changing process privilege to root:root
Using rack adapter
Exiting!
/usr/local/bundle/gems/thin-1.6.4/lib/rack/adapter/loader.rb:33:in `eval': /myapp/lib/pgsc/app.rb:11: syntax error, unexpected '{', expecting keyword_end (SyntaxError)
    get "/health" { [200, ENV["RACK_ENV"]] }
                   ^
/myapp/lib/pgsc/app.rb:11: syntax error, unexpected '}', expecting keyword_end
	from /usr/local/bundle/gems/thin-1.6.4/lib/rack/adapter/loader.rb:33:in `load'
	from /usr/local/bundle/gems/thin-1.6.4/lib/rack/adapter/loader.rb:42:in `for'
	from /usr/local/bundle/gems/thin-1.6.4/lib/thin/controllers/controller.rb:170:in `load_adapter'
	from /usr/local/bundle/gems/thin-1.6.4/lib/thin/controllers/controller.rb:74:in `start'
	from /usr/local/bundle/gems/thin-1.6.4/lib/thin/runner.rb:200:in `run_command'
	from /usr/local/bundle/gems/thin-1.6.4/lib/thin/runner.rb:156:in `run!'
	from /usr/local/bundle/gems/thin-1.6.4/bin/thin:6:in `<top (required)>'
	from /usr/local/bundle/bin/thin:16:in `load'
	from /usr/local/bundle/bin/thin:16:in `<main>'
Writing PID to tmp/pids/thin.5000.pid
Changing process privilege to root:root
Using rack adapter
Writing PID to tmp/pids/thin.5000.pid
Using rack adapter
Writing PID to tmp/pids/thin.5000.pid
Changing process privilege to root:root
Using rack adapter
hello
Thin web server (v1.6.4 codename Gob Bluth)
Maximum connections set to 1024
Listening on 0.0.0.0:5000, CTRL+C to stop
Writing PID to tmp/pids/thin.5000.pid
Changing process privilege to root:root
Using rack adapter
hello
Thin web server (v1.6.4 codename Gob Bluth)
Maximum connections set to 1024
Listening on 0.0.0.0:5000, CTRL+C to stop
Writing PID to tmp/pids/thin.5000.pid
Changing process privilege to root:root
Using rack adapter
hello
Thin web server (v1.6.4 codename Gob Bluth)
Maximum connections set to 1024
Listening on 0.0.0.0:5000, CTRL+C to stop
Writing PID to tmp/pids/thin.5000.pid
Changing process privilege to root:root
Using rack adapter
hello
Thin web server (v1.6.4 codename Gob Bluth)
Maximum connections set to 1024
Listening on 0.0.0.0:5000, CTRL+C to stop
Writing PID to tmp/pids/thin.5000.pid
Changing process privilege to root:root
Using rack adapter
hello
Thin web server (v1.6.4 codename Gob Bluth)
Maximum connections set to 1024
Listening on 0.0.0.0:5000, CTRL+C to stop
Writing PID to tmp/pids/thin.5000.pid
Changing process privilege to root:root
Using rack adapter
